<?xml version="1.0" encoding="UTF-8"?>
<!-- Generated by org.testng.reporters.JUnitXMLReporter -->
<testsuite ignored="0" hostname="DESKTOP-FI9CPF5" failures="0" tests="2" name="Test" time="24.406" errors="0" timestamp="2025-12-04T10:58:50 ICT">
  <testcase classname="com.achmadirfan.tests.search.SearchItemTest" name="verifySearchItem" time="4.95"/>
  <testcase classname="com.achmadirfan.tests.filters.CellPhonesFilterTest" name="verifyFilterOnCellPhones" time="12.748"/>
</testsuite> <!-- Test -->
